<?xml version="1.0" encoding="UTF-8"?>
<testsuite xmlns:xsi="http://www.w3.org/2001/XMLSchema-instance" xsi:noNamespaceSchemaLocation="https://maven.apache.org/surefire/maven-surefire-plugin/xsd/surefire-test-report-3.0.xsd" version="3.0" name="ContadorTest" time="0.058" tests="3" errors="0" skipped="0" failures="0">
  <properties>
[...]
</properties>
  <testcase name="testParametrosNaoNumeros" classname="ContadorTest" time="0.027">
    <system-out><![CDATA[Exceção de formato inválido capturada: For input string: "abc"
]]></system-out>
  </testcase>
  <testcase name="testParametrosValidos" classname="ContadorTest" time="0.009">
    <system-out><![CDATA[Imprimindo o número 1
Imprimindo o número 2
Imprimindo o número 3
Imprimindo o número 4
Imprimindo o número 5
Imprimindo o número 6
Imprimindo o número 7
Imprimindo o número 8
Imprimindo o número 9
Imprimindo o número 10
Imprimindo o número 11
Imprimindo o número 12
Imprimindo o número 13
Imprimindo o número 14
Imprimindo o número 15
Imprimindo o número 16
Imprimindo o número 17
Imprimindo o número 18
]]></system-out>
  </testcase>
  <testcase name="testPrimeiroParametroMaiorQueSegundo" classname="ContadorTest" time="0.004">
    <system-out><![CDATA[Exceção capturada: O segundo parâmetro deve ser maior que o primeiro
]]></system-out>
  </testcase>
</testsuite>